<?xml version="1.0" encoding="UTF-8"?>
<testsuite xmlns:xsi="http://www.w3.org/2001/XMLSchema-instance" xsi:noNamespaceSchemaLocation="https://maven.apache.org/surefire/maven-surefire-plugin/xsd/surefire-test-report.xsd" name="com.wissen.service.ImsServiceImplTest" time="2.869" tests="35" errors="1" skipped="0" failures="1">
  <properties>
[...]
</properties>
  <testcase name="getProductsTestWhenPresent" classname="com.wissen.service.ImsServiceImplTest" time="0.061"/>
  <testcase name="performSaleWhenGreatAmount" classname="com.wissen.service.ImsServiceImplTest" time="0.066"/>
  <testcase name="performSaleWhenInvalidAmount" classname="com.wissen.service.ImsServiceImplTest" time="0.016"/>
  <testcase name="performSaleWhenExactAmount" classname="com.wissen.service.ImsServiceImplTest" time="0.021"/>
  <testcase name="sellProductWhenAvailable" classname="com.wissen.service.ImsServiceImplTest" time="0.016"/>
  <testcase name="performSaleWhenValidWhenListEmpty" classname="com.wissen.service.ImsServiceImplTest" time="0.019">
    <failure type="java.lang.AssertionError">java.lang.AssertionError
	at com.wissen.service.ImsServiceImplTest.performSaleWhenValidWhenListEmpty(ImsServiceImplTest.java:526)
</failure>
    <system-out><![CDATA[15:51:08.335 [main] DEBUG org.springframework.test.annotation.ProfileValueUtils - Retrieved @ProfileValueSourceConfiguration [null] for test class [com.wissen.service.ImsServiceImplTest]
15:51:08.335 [main] DEBUG org.springframework.test.annotation.ProfileValueUtils - Retrieved ProfileValueSource type [class org.springframework.test.annotation.SystemProfileValueSource] for class [com.wissen.service.ImsServiceImplTest]
15:51:08.336 [main] DEBUG org.springframework.test.context.support.DependencyInjectionTestExecutionListener - Performing dependency injection for test context [[DefaultTestContext@783a467b testClass = ImsServiceImplTest, testInstance = com.wissen.service.ImsServiceImplTest@31133b6e, testMethod = [null], testException = [null], mergedContextConfiguration = [MergedContextConfiguration@272113c4 testClass = ImsServiceImplTest, locations = '{}', classes = '{}', contextInitializerClasses = '[]', activeProfiles = '{}', propertySourceLocations = '{}', propertySourceProperties = '{}', contextCustomizers = set[org.springframework.boot.test.context.filter.ExcludeFilterContextCustomizer@732c2a62, org.springframework.boot.test.json.DuplicateJsonObjectContextCustomizerFactory$DuplicateJsonObjectContextCustomizer@120f102b, org.springframework.boot.test.mock.mockito.MockitoContextCustomizer@0, org.springframework.boot.test.autoconfigure.properties.PropertyMappingContextCustomizer@0, org.springframework.boot.test.autoconfigure.web.servlet.WebDriverContextCustomizerFactory$Customizer@759d26fb], contextLoader = 'org.springframework.test.context.support.DelegatingSmartContextLoader', parent = [null]], attributes = map[[empty]]]].
15:51:08.337 [main] DEBUG org.springframework.test.context.cache.DefaultCacheAwareContextLoaderDelegate - Retrieved ApplicationContext from cache with key [[MergedContextConfiguration@272113c4 testClass = ImsServiceImplTest, locations = '{}', classes = '{}', contextInitializerClasses = '[]', activeProfiles = '{}', propertySourceLocations = '{}', propertySourceProperties = '{}', contextCustomizers = set[org.springframework.boot.test.context.filter.ExcludeFilterContextCustomizer@732c2a62, org.springframework.boot.test.json.DuplicateJsonObjectContextCustomizerFactory$DuplicateJsonObjectContextCustomizer@120f102b, org.springframework.boot.test.mock.mockito.MockitoContextCustomizer@0, org.springframework.boot.test.autoconfigure.properties.PropertyMappingContextCustomizer@0, org.springframework.boot.test.autoconfigure.web.servlet.WebDriverContextCustomizerFactory$Customizer@759d26fb], contextLoader = 'org.springframework.test.context.support.DelegatingSmartContextLoader', parent = [null]]]
15:51:08.337 [main] DEBUG org.springframework.test.context.cache - Spring test ApplicationContext cache statistics: [DefaultContextCache@3c0036b size = 1, maxSize = 32, parentContextCount = 0, hitCount = 25, missCount = 1]
15:51:08.338 [main] DEBUG org.springframework.test.context.support.AbstractDirtiesContextTestExecutionListener - Before test method: context [DefaultTestContext@783a467b testClass = ImsServiceImplTest, testInstance = com.wissen.service.ImsServiceImplTest@31133b6e, testMethod = performSaleWhenValidWhenListEmpty@ImsServiceImplTest, testException = [null], mergedContextConfiguration = [MergedContextConfiguration@272113c4 testClass = ImsServiceImplTest, locations = '{}', classes = '{}', contextInitializerClasses = '[]', activeProfiles = '{}', propertySourceLocations = '{}', propertySourceProperties = '{}', contextCustomizers = set[org.springframework.boot.test.context.filter.ExcludeFilterContextCustomizer@732c2a62, org.springframework.boot.test.json.DuplicateJsonObjectContextCustomizerFactory$DuplicateJsonObjectContextCustomizer@120f102b, org.springframework.boot.test.mock.mockito.MockitoContextCustomizer@0, org.springframework.boot.test.autoconfigure.properties.PropertyMappingContextCustomizer@0, org.springframework.boot.test.autoconfigure.web.servlet.WebDriverContextCustomizerFactory$Customizer@759d26fb], contextLoader = 'org.springframework.test.context.support.DelegatingSmartContextLoader', parent = [null]], attributes = map[[empty]]], class annotated with @DirtiesContext [false] with mode [null], method annotated with @DirtiesContext [false] with mode [null].
15:51:08.338 [main] DEBUG org.springframework.test.context.cache.DefaultCacheAwareContextLoaderDelegate - Retrieved ApplicationContext from cache with key [[MergedContextConfiguration@272113c4 testClass = ImsServiceImplTest, locations = '{}', classes = '{}', contextInitializerClasses = '[]', activeProfiles = '{}', propertySourceLocations = '{}', propertySourceProperties = '{}', contextCustomizers = set[org.springframework.boot.test.context.filter.ExcludeFilterContextCustomizer@732c2a62, org.springframework.boot.test.json.DuplicateJsonObjectContextCustomizerFactory$DuplicateJsonObjectContextCustomizer@120f102b, org.springframework.boot.test.mock.mockito.MockitoContextCustomizer@0, org.springframework.boot.test.autoconfigure.properties.PropertyMappingContextCustomizer@0, org.springframework.boot.test.autoconfigure.web.servlet.WebDriverContextCustomizerFactory$Customizer@759d26fb], contextLoader = 'org.springframework.test.context.support.DelegatingSmartContextLoader', parent = [null]]]
15:51:08.339 [main] DEBUG org.springframework.test.context.cache - Spring test ApplicationContext cache statistics: [DefaultContextCache@3c0036b size = 1, maxSize = 32, parentContextCount = 0, hitCount = 26, missCount = 1]
SaleBill{id=0, products=[], total=100.0, seller='test'}
15:51:08.341 [main] DEBUG org.springframework.test.context.cache.DefaultCacheAwareContextLoaderDelegate - Retrieved ApplicationContext from cache with key [[MergedContextConfiguration@272113c4 testClass = ImsServiceImplTest, locations = '{}', classes = '{}', contextInitializerClasses = '[]', activeProfiles = '{}', propertySourceLocations = '{}', propertySourceProperties = '{}', contextCustomizers = set[org.springframework.boot.test.context.filter.ExcludeFilterContextCustomizer@732c2a62, org.springframework.boot.test.json.DuplicateJsonObjectContextCustomizerFactory$DuplicateJsonObjectContextCustomizer@120f102b, org.springframework.boot.test.mock.mockito.MockitoContextCustomizer@0, org.springframework.boot.test.autoconfigure.properties.PropertyMappingContextCustomizer@0, org.springframework.boot.test.autoconfigure.web.servlet.WebDriverContextCustomizerFactory$Customizer@759d26fb], contextLoader = 'org.springframework.test.context.support.DelegatingSmartContextLoader', parent = [null]]]
15:51:08.342 [main] DEBUG org.springframework.test.context.cache - Spring test ApplicationContext cache statistics: [DefaultContextCache@3c0036b size = 1, maxSize = 32, parentContextCount = 0, hitCount = 27, missCount = 1]
15:51:08.342 [main] DEBUG org.springframework.test.context.cache.DefaultCacheAwareContextLoaderDelegate - Retrieved ApplicationContext from cache with key [[MergedContextConfiguration@272113c4 testClass = ImsServiceImplTest, locations = '{}', classes = '{}', contextInitializerClasses = '[]', activeProfiles = '{}', propertySourceLocations = '{}', propertySourceProperties = '{}', contextCustomizers = set[org.springframework.boot.test.context.filter.ExcludeFilterContextCustomizer@732c2a62, org.springframework.boot.test.json.DuplicateJsonObjectContextCustomizerFactory$DuplicateJsonObjectContextCustomizer@120f102b, org.springframework.boot.test.mock.mockito.MockitoContextCustomizer@0, org.springframework.boot.test.autoconfigure.properties.PropertyMappingContextCustomizer@0, org.springframework.boot.test.autoconfigure.web.servlet.WebDriverContextCustomizerFactory$Customizer@759d26fb], contextLoader = 'org.springframework.test.context.support.DelegatingSmartContextLoader', parent = [null]]]
15:51:08.342 [main] DEBUG org.springframework.test.context.cache - Spring test ApplicationContext cache statistics: [DefaultContextCache@3c0036b size = 1, maxSize = 32, parentContextCount = 0, hitCount = 28, missCount = 1]
15:51:08.344 [main] DEBUG org.springframework.test.context.cache.DefaultCacheAwareContextLoaderDelegate - Retrieved ApplicationContext from cache with key [[MergedContextConfiguration@272113c4 testClass = ImsServiceImplTest, locations = '{}', classes = '{}', contextInitializerClasses = '[]', activeProfiles = '{}', propertySourceLocations = '{}', propertySourceProperties = '{}', contextCustomizers = set[org.springframework.boot.test.context.filter.ExcludeFilterContextCustomizer@732c2a62, org.springframework.boot.test.json.DuplicateJsonObjectContextCustomizerFactory$DuplicateJsonObjectContextCustomizer@120f102b, org.springframework.boot.test.mock.mockito.MockitoContextCustomizer@0, org.springframework.boot.test.autoconfigure.properties.PropertyMappingContextCustomizer@0, org.springframework.boot.test.autoconfigure.web.servlet.WebDriverContextCustomizerFactory$Customizer@759d26fb], contextLoader = 'org.springframework.test.context.support.DelegatingSmartContextLoader', parent = [null]]]
15:51:08.344 [main] DEBUG org.springframework.test.context.cache - Spring test ApplicationContext cache statistics: [DefaultContextCache@3c0036b size = 1, maxSize = 32, parentContextCount = 0, hitCount = 29, missCount = 1]
15:51:08.345 [main] DEBUG org.springframework.test.context.cache.DefaultCacheAwareContextLoaderDelegate - Retrieved ApplicationContext from cache with key [[MergedContextConfiguration@272113c4 testClass = ImsServiceImplTest, locations = '{}', classes = '{}', contextInitializerClasses = '[]', activeProfiles = '{}', propertySourceLocations = '{}', propertySourceProperties = '{}', contextCustomizers = set[org.springframework.boot.test.context.filter.ExcludeFilterContextCustomizer@732c2a62, org.springframework.boot.test.json.DuplicateJsonObjectContextCustomizerFactory$DuplicateJsonObjectContextCustomizer@120f102b, org.springframework.boot.test.mock.mockito.MockitoContextCustomizer@0, org.springframework.boot.test.autoconfigure.properties.PropertyMappingContextCustomizer@0, org.springframework.boot.test.autoconfigure.web.servlet.WebDriverContextCustomizerFactory$Customizer@759d26fb], contextLoader = 'org.springframework.test.context.support.DelegatingSmartContextLoader', parent = [null]]]
15:51:08.345 [main] DEBUG org.springframework.test.context.cache - Spring test ApplicationContext cache statistics: [DefaultContextCache@3c0036b size = 1, maxSize = 32, parentContextCount = 0, hitCount = 30, missCount = 1]
15:51:08.345 [main] DEBUG org.springframework.test.context.support.AbstractDirtiesContextTestExecutionListener - After test method: context [DefaultTestContext@783a467b testClass = ImsServiceImplTest, testInstance = com.wissen.service.ImsServiceImplTest@31133b6e, testMethod = performSaleWhenValidWhenListEmpty@ImsServiceImplTest, testException = java.lang.AssertionError, mergedContextConfiguration = [MergedContextConfiguration@272113c4 testClass = ImsServiceImplTest, locations = '{}', classes = '{}', contextInitializerClasses = '[]', activeProfiles = '{}', propertySourceLocations = '{}', propertySourceProperties = '{}', contextCustomizers = set[org.springframework.boot.test.context.filter.ExcludeFilterContextCustomizer@732c2a62, org.springframework.boot.test.json.DuplicateJsonObjectContextCustomizerFactory$DuplicateJsonObjectContextCustomizer@120f102b, org.springframework.boot.test.mock.mockito.MockitoContextCustomizer@0, org.springframework.boot.test.autoconfigure.properties.PropertyMappingContextCustomizer@0, org.springframework.boot.test.autoconfigure.web.servlet.WebDriverContextCustomizerFactory$Customizer@759d26fb], contextLoader = 'org.springframework.test.context.support.DelegatingSmartContextLoader', parent = [null]], attributes = map[[empty]]], class annotated with @DirtiesContext [false] with mode [null], method annotated with @DirtiesContext [false] with mode [null].
]]></system-out>
  </testcase>
  <testcase name="getOrdersWhenNull" classname="com.wissen.service.ImsServiceImplTest" time="0.016"/>
  <testcase name="checkIfAvailableWhenPresentAndAvailable" classname="com.wissen.service.ImsServiceImplTest" time="0.028"/>
  <testcase name="updateProductWhenNull" classname="com.wissen.service.ImsServiceImplTest" time="0.024"/>
  <testcase name="checkIfAvailableWhenAbsent" classname="com.wissen.service.ImsServiceImplTest" time="0.016"/>
  <testcase name="performSaleWhenValid" classname="com.wissen.service.ImsServiceImplTest" time="0.035"/>
  <testcase name="updateProductWhenNotNullAndNotAvailable" classname="com.wissen.service.ImsServiceImplTest" time="0.015"/>
  <testcase name="getProductByIdWhenNull" classname="com.wissen.service.ImsServiceImplTest" time="0.01"/>
  <testcase name="performOrderWhenListEmpty" classname="com.wissen.service.ImsServiceImplTest" time="0.011"/>
  <testcase name="getOrdersWhenPresent" classname="com.wissen.service.ImsServiceImplTest" time="0.011"/>
  <testcase name="sellProductWhenAvailableAndToggleStatus" classname="com.wissen.service.ImsServiceImplTest" time="0.012"/>
  <testcase name="buyProductWhenAvailable" classname="com.wissen.service.ImsServiceImplTest" time="0.012"/>
  <testcase name="getProductByNameWhenAbsent" classname="com.wissen.service.ImsServiceImplTest" time="0.011"/>
  <testcase name="performOrderWhenAmountInvalid" classname="com.wissen.service.ImsServiceImplTest" time="0.01"/>
  <testcase name="buyProductWhenNull" classname="com.wissen.service.ImsServiceImplTest" time="0.011"/>
  <testcase name="deleteProductWhenPresent" classname="com.wissen.service.ImsServiceImplTest" time="0.009"/>
  <testcase name="getSalesWhenNull" classname="com.wissen.service.ImsServiceImplTest" time="0.011"/>
  <testcase name="getProductByIdWhenPresent" classname="com.wissen.service.ImsServiceImplTest" time="0.011"/>
  <testcase name="performOrderWhenValid" classname="com.wissen.service.ImsServiceImplTest" time="0.014">
    <error type="java.lang.NullPointerException">java.lang.NullPointerException
	at com.wissen.service.ImsServiceImplTest.performOrderWhenValid(ImsServiceImplTest.java:411)
</error>
    <system-out><![CDATA[15:51:08.499 [main] DEBUG org.springframework.test.annotation.ProfileValueUtils - Retrieved @ProfileValueSourceConfiguration [null] for test class [com.wissen.service.ImsServiceImplTest]
15:51:08.499 [main] DEBUG org.springframework.test.annotation.ProfileValueUtils - Retrieved ProfileValueSource type [class org.springframework.test.annotation.SystemProfileValueSource] for class [com.wissen.service.ImsServiceImplTest]
15:51:08.502 [main] DEBUG org.springframework.test.context.support.DependencyInjectionTestExecutionListener - Performing dependency injection for test context [[DefaultTestContext@783a467b testClass = ImsServiceImplTest, testInstance = com.wissen.service.ImsServiceImplTest@743c6ce4, testMethod = [null], testException = [null], mergedContextConfiguration = [MergedContextConfiguration@272113c4 testClass = ImsServiceImplTest, locations = '{}', classes = '{}', contextInitializerClasses = '[]', activeProfiles = '{}', propertySourceLocations = '{}', propertySourceProperties = '{}', contextCustomizers = set[org.springframework.boot.test.context.filter.ExcludeFilterContextCustomizer@732c2a62, org.springframework.boot.test.json.DuplicateJsonObjectContextCustomizerFactory$DuplicateJsonObjectContextCustomizer@120f102b, org.springframework.boot.test.mock.mockito.MockitoContextCustomizer@0, org.springframework.boot.test.autoconfigure.properties.PropertyMappingContextCustomizer@0, org.springframework.boot.test.autoconfigure.web.servlet.WebDriverContextCustomizerFactory$Customizer@759d26fb], contextLoader = 'org.springframework.test.context.support.DelegatingSmartContextLoader', parent = [null]], attributes = map[[empty]]]].
15:51:08.502 [main] DEBUG org.springframework.test.context.cache.DefaultCacheAwareContextLoaderDelegate - Retrieved ApplicationContext from cache with key [[MergedContextConfiguration@272113c4 testClass = ImsServiceImplTest, locations = '{}', classes = '{}', contextInitializerClasses = '[]', activeProfiles = '{}', propertySourceLocations = '{}', propertySourceProperties = '{}', contextCustomizers = set[org.springframework.boot.test.context.filter.ExcludeFilterContextCustomizer@732c2a62, org.springframework.boot.test.json.DuplicateJsonObjectContextCustomizerFactory$DuplicateJsonObjectContextCustomizer@120f102b, org.springframework.boot.test.mock.mockito.MockitoContextCustomizer@0, org.springframework.boot.test.autoconfigure.properties.PropertyMappingContextCustomizer@0, org.springframework.boot.test.autoconfigure.web.servlet.WebDriverContextCustomizerFactory$Customizer@759d26fb], contextLoader = 'org.springframework.test.context.support.DelegatingSmartContextLoader', parent = [null]]]
15:51:08.502 [main] DEBUG org.springframework.test.context.cache - Spring test ApplicationContext cache statistics: [DefaultContextCache@3c0036b size = 1, maxSize = 32, parentContextCount = 0, hitCount = 116, missCount = 1]
15:51:08.503 [main] DEBUG org.springframework.test.context.support.AbstractDirtiesContextTestExecutionListener - Before test method: context [DefaultTestContext@783a467b testClass = ImsServiceImplTest, testInstance = com.wissen.service.ImsServiceImplTest@743c6ce4, testMethod = performOrderWhenValid@ImsServiceImplTest, testException = [null], mergedContextConfiguration = [MergedContextConfiguration@272113c4 testClass = ImsServiceImplTest, locations = '{}', classes = '{}', contextInitializerClasses = '[]', activeProfiles = '{}', propertySourceLocations = '{}', propertySourceProperties = '{}', contextCustomizers = set[org.springframework.boot.test.context.filter.ExcludeFilterContextCustomizer@732c2a62, org.springframework.boot.test.json.DuplicateJsonObjectContextCustomizerFactory$DuplicateJsonObjectContextCustomizer@120f102b, org.springframework.boot.test.mock.mockito.MockitoContextCustomizer@0, org.springframework.boot.test.autoconfigure.properties.PropertyMappingContextCustomizer@0, org.springframework.boot.test.autoconfigure.web.servlet.WebDriverContextCustomizerFactory$Customizer@759d26fb], contextLoader = 'org.springframework.test.context.support.DelegatingSmartContextLoader', parent = [null]], attributes = map[[empty]]], class annotated with @DirtiesContext [false] with mode [null], method annotated with @DirtiesContext [false] with mode [null].
15:51:08.503 [main] DEBUG org.springframework.test.context.cache.DefaultCacheAwareContextLoaderDelegate - Retrieved ApplicationContext from cache with key [[MergedContextConfiguration@272113c4 testClass = ImsServiceImplTest, locations = '{}', classes = '{}', contextInitializerClasses = '[]', activeProfiles = '{}', propertySourceLocations = '{}', propertySourceProperties = '{}', contextCustomizers = set[org.springframework.boot.test.context.filter.ExcludeFilterContextCustomizer@732c2a62, org.springframework.boot.test.json.DuplicateJsonObjectContextCustomizerFactory$DuplicateJsonObjectContextCustomizer@120f102b, org.springframework.boot.test.mock.mockito.MockitoContextCustomizer@0, org.springframework.boot.test.autoconfigure.properties.PropertyMappingContextCustomizer@0, org.springframework.boot.test.autoconfigure.web.servlet.WebDriverContextCustomizerFactory$Customizer@759d26fb], contextLoader = 'org.springframework.test.context.support.DelegatingSmartContextLoader', parent = [null]]]
15:51:08.503 [main] DEBUG org.springframework.test.context.cache - Spring test ApplicationContext cache statistics: [DefaultContextCache@3c0036b size = 1, maxSize = 32, parentContextCount = 0, hitCount = 117, missCount = 1]
15:51:08.506 [main] DEBUG org.springframework.test.context.cache.DefaultCacheAwareContextLoaderDelegate - Retrieved ApplicationContext from cache with key [[MergedContextConfiguration@272113c4 testClass = ImsServiceImplTest, locations = '{}', classes = '{}', contextInitializerClasses = '[]', activeProfiles = '{}', propertySourceLocations = '{}', propertySourceProperties = '{}', contextCustomizers = set[org.springframework.boot.test.context.filter.ExcludeFilterContextCustomizer@732c2a62, org.springframework.boot.test.json.DuplicateJsonObjectContextCustomizerFactory$DuplicateJsonObjectContextCustomizer@120f102b, org.springframework.boot.test.mock.mockito.MockitoContextCustomizer@0, org.springframework.boot.test.autoconfigure.properties.PropertyMappingContextCustomizer@0, org.springframework.boot.test.autoconfigure.web.servlet.WebDriverContextCustomizerFactory$Customizer@759d26fb], contextLoader = 'org.springframework.test.context.support.DelegatingSmartContextLoader', parent = [null]]]
15:51:08.506 [main] DEBUG org.springframework.test.context.cache - Spring test ApplicationContext cache statistics: [DefaultContextCache@3c0036b size = 1, maxSize = 32, parentContextCount = 0, hitCount = 118, missCount = 1]
15:51:08.506 [main] DEBUG org.springframework.test.context.cache.DefaultCacheAwareContextLoaderDelegate - Retrieved ApplicationContext from cache with key [[MergedContextConfiguration@272113c4 testClass = ImsServiceImplTest, locations = '{}', classes = '{}', contextInitializerClasses = '[]', activeProfiles = '{}', propertySourceLocations = '{}', propertySourceProperties = '{}', contextCustomizers = set[org.springframework.boot.test.context.filter.ExcludeFilterContextCustomizer@732c2a62, org.springframework.boot.test.json.DuplicateJsonObjectContextCustomizerFactory$DuplicateJsonObjectContextCustomizer@120f102b, org.springframework.boot.test.mock.mockito.MockitoContextCustomizer@0, org.springframework.boot.test.autoconfigure.properties.PropertyMappingContextCustomizer@0, org.springframework.boot.test.autoconfigure.web.servlet.WebDriverContextCustomizerFactory$Customizer@759d26fb], contextLoader = 'org.springframework.test.context.support.DelegatingSmartContextLoader', parent = [null]]]
15:51:08.506 [main] DEBUG org.springframework.test.context.cache - Spring test ApplicationContext cache statistics: [DefaultContextCache@3c0036b size = 1, maxSize = 32, parentContextCount = 0, hitCount = 119, missCount = 1]
15:51:08.506 [main] DEBUG org.springframework.test.context.cache.DefaultCacheAwareContextLoaderDelegate - Retrieved ApplicationContext from cache with key [[MergedContextConfiguration@272113c4 testClass = ImsServiceImplTest, locations = '{}', classes = '{}', contextInitializerClasses = '[]', activeProfiles = '{}', propertySourceLocations = '{}', propertySourceProperties = '{}', contextCustomizers = set[org.springframework.boot.test.context.filter.ExcludeFilterContextCustomizer@732c2a62, org.springframework.boot.test.json.DuplicateJsonObjectContextCustomizerFactory$DuplicateJsonObjectContextCustomizer@120f102b, org.springframework.boot.test.mock.mockito.MockitoContextCustomizer@0, org.springframework.boot.test.autoconfigure.properties.PropertyMappingContextCustomizer@0, org.springframework.boot.test.autoconfigure.web.servlet.WebDriverContextCustomizerFactory$Customizer@759d26fb], contextLoader = 'org.springframework.test.context.support.DelegatingSmartContextLoader', parent = [null]]]
15:51:08.506 [main] DEBUG org.springframework.test.context.cache - Spring test ApplicationContext cache statistics: [DefaultContextCache@3c0036b size = 1, maxSize = 32, parentContextCount = 0, hitCount = 120, missCount = 1]
15:51:08.509 [main] DEBUG org.springframework.test.context.cache.DefaultCacheAwareContextLoaderDelegate - Retrieved ApplicationContext from cache with key [[MergedContextConfiguration@272113c4 testClass = ImsServiceImplTest, locations = '{}', classes = '{}', contextInitializerClasses = '[]', activeProfiles = '{}', propertySourceLocations = '{}', propertySourceProperties = '{}', contextCustomizers = set[org.springframework.boot.test.context.filter.ExcludeFilterContextCustomizer@732c2a62, org.springframework.boot.test.json.DuplicateJsonObjectContextCustomizerFactory$DuplicateJsonObjectContextCustomizer@120f102b, org.springframework.boot.test.mock.mockito.MockitoContextCustomizer@0, org.springframework.boot.test.autoconfigure.properties.PropertyMappingContextCustomizer@0, org.springframework.boot.test.autoconfigure.web.servlet.WebDriverContextCustomizerFactory$Customizer@759d26fb], contextLoader = 'org.springframework.test.context.support.DelegatingSmartContextLoader', parent = [null]]]
15:51:08.509 [main] DEBUG org.springframework.test.context.cache - Spring test ApplicationContext cache statistics: [DefaultContextCache@3c0036b size = 1, maxSize = 32, parentContextCount = 0, hitCount = 121, missCount = 1]
15:51:08.513 [main] DEBUG org.springframework.test.context.support.AbstractDirtiesContextTestExecutionListener - After test method: context [DefaultTestContext@783a467b testClass = ImsServiceImplTest, testInstance = com.wissen.service.ImsServiceImplTest@743c6ce4, testMethod = performOrderWhenValid@ImsServiceImplTest, testException = java.lang.NullPointerException, mergedContextConfiguration = [MergedContextConfiguration@272113c4 testClass = ImsServiceImplTest, locations = '{}', classes = '{}', contextInitializerClasses = '[]', activeProfiles = '{}', propertySourceLocations = '{}', propertySourceProperties = '{}', contextCustomizers = set[org.springframework.boot.test.context.filter.ExcludeFilterContextCustomizer@732c2a62, org.springframework.boot.test.json.DuplicateJsonObjectContextCustomizerFactory$DuplicateJsonObjectContextCustomizer@120f102b, org.springframework.boot.test.mock.mockito.MockitoContextCustomizer@0, org.springframework.boot.test.autoconfigure.properties.PropertyMappingContextCustomizer@0, org.springframework.boot.test.autoconfigure.web.servlet.WebDriverContextCustomizerFactory$Customizer@759d26fb], contextLoader = 'org.springframework.test.context.support.DelegatingSmartContextLoader', parent = [null]], attributes = map[[empty]]], class annotated with @DirtiesContext [false] with mode [null], method annotated with @DirtiesContext [false] with mode [null].
]]></system-out>
  </testcase>
  <testcase name="getSalesWhenPresent" classname="com.wissen.service.ImsServiceImplTest" time="0.01"/>
  <testcase name="sellProductWhenUnavailable" classname="com.wissen.service.ImsServiceImplTest" time="0.011"/>
  <testcase name="getProductByNameWhenNull" classname="com.wissen.service.ImsServiceImplTest" time="0.011"/>
  <testcase name="getProductByIdWhenAbsent" classname="com.wissen.service.ImsServiceImplTest" time="0.011"/>
  <testcase name="checkIfAvailableWhenPresentAndUnavailable" classname="com.wissen.service.ImsServiceImplTest" time="0.023"/>
  <testcase name="deleteProductNotNull" classname="com.wissen.service.ImsServiceImplTest" time="0.013"/>
  <testcase name="getProductsTestWhenNull" classname="com.wissen.service.ImsServiceImplTest" time="0.013"/>
  <testcase name="updateProductWhenNotNullAndAvailable" classname="com.wissen.service.ImsServiceImplTest" time="0.013"/>
  <testcase name="sellProductWhenNull" classname="com.wissen.service.ImsServiceImplTest" time="0.013"/>
  <testcase name="buyProductWhenUnavailable" classname="com.wissen.service.ImsServiceImplTest" time="0.011"/>
  <testcase name="getProductByNameWhenPresent" classname="com.wissen.service.ImsServiceImplTest" time="0.013"/>
</testsuite>